  通讯录.cpp
C:\Users\livefordead\source\repos\通讯录\通讯录.cpp(485,47): warning C4474: fprintf: 格式字符串中传递的参数太多
C:\Users\livefordead\source\repos\通讯录\通讯录.cpp(485,47): message : 占位符和其参数预计 1 可变参数，但提供的却是 2 参数
C:\Users\livefordead\source\repos\通讯录\通讯录.cpp(486,46): warning C4474: fprintf: 格式字符串中传递的参数太多
C:\Users\livefordead\source\repos\通讯录\通讯录.cpp(486,46): message : 占位符和其参数预计 1 可变参数，但提供的却是 2 参数
C:\Users\livefordead\source\repos\通讯录\通讯录.cpp(487,50): warning C4474: fprintf: 格式字符串中传递的参数太多
C:\Users\livefordead\source\repos\通讯录\通讯录.cpp(487,50): message : 占位符和其参数预计 1 可变参数，但提供的却是 2 参数
C:\Users\livefordead\source\repos\通讯录\通讯录.cpp(580,48): warning C4474: fprintf: 格式字符串中传递的参数太多
C:\Users\livefordead\source\repos\通讯录\通讯录.cpp(580,48): message : 占位符和其参数预计 1 可变参数，但提供的却是 2 参数
C:\Users\livefordead\source\repos\通讯录\通讯录.cpp(581,47): warning C4474: fprintf: 格式字符串中传递的参数太多
C:\Users\livefordead\source\repos\通讯录\通讯录.cpp(581,47): message : 占位符和其参数预计 1 可变参数，但提供的却是 2 参数
C:\Users\livefordead\source\repos\通讯录\通讯录.cpp(582,51): warning C4474: fprintf: 格式字符串中传递的参数太多
C:\Users\livefordead\source\repos\通讯录\通讯录.cpp(582,51): message : 占位符和其参数预计 1 可变参数，但提供的却是 2 参数
C:\Users\livefordead\source\repos\通讯录\通讯录.cpp(679,48): warning C4474: fprintf: 格式字符串中传递的参数太多
C:\Users\livefordead\source\repos\通讯录\通讯录.cpp(679,48): message : 占位符和其参数预计 1 可变参数，但提供的却是 2 参数
C:\Users\livefordead\source\repos\通讯录\通讯录.cpp(680,47): warning C4474: fprintf: 格式字符串中传递的参数太多
C:\Users\livefordead\source\repos\通讯录\通讯录.cpp(680,47): message : 占位符和其参数预计 1 可变参数，但提供的却是 2 参数
C:\Users\livefordead\source\repos\通讯录\通讯录.cpp(681,51): warning C4474: fprintf: 格式字符串中传递的参数太多
C:\Users\livefordead\source\repos\通讯录\通讯录.cpp(681,51): message : 占位符和其参数预计 1 可变参数，但提供的却是 2 参数
C:\Users\livefordead\source\repos\通讯录\通讯录.cpp(772,48): warning C4474: fprintf: 格式字符串中传递的参数太多
C:\Users\livefordead\source\repos\通讯录\通讯录.cpp(772,48): message : 占位符和其参数预计 1 可变参数，但提供的却是 2 参数
C:\Users\livefordead\source\repos\通讯录\通讯录.cpp(773,47): warning C4474: fprintf: 格式字符串中传递的参数太多
C:\Users\livefordead\source\repos\通讯录\通讯录.cpp(773,47): message : 占位符和其参数预计 1 可变参数，但提供的却是 2 参数
C:\Users\livefordead\source\repos\通讯录\通讯录.cpp(774,51): warning C4474: fprintf: 格式字符串中传递的参数太多
C:\Users\livefordead\source\repos\通讯录\通讯录.cpp(774,51): message : 占位符和其参数预计 1 可变参数，但提供的却是 2 参数
C:\Users\livefordead\source\repos\通讯录\通讯录.cpp(425): warning C4717: “menu”: 如递归所有控件路径，函数将导致运行时堆栈溢出
  通讯录.vcxproj -> C:\Users\livefordead\source\repos\通讯录\Debug\通讯录.exe
